2023-12-22 15:43:36,562 : INFO : click : click : ('xpath', "//h4[@class='text-left']")
2023-12-22 15:43:36,950 : INFO : sendkeys : send keys : ('id', 'emailAddress'), value : complete.user@iccsafe.info
2023-12-22 15:43:37,230 : INFO : sendkeys : send keys : ('id', 'password'), value : Digital@123
2023-12-22 15:43:37,348 : INFO : click : click : ('xpath', "//button[@class='v-btn v-btn--block v-btn--contained theme--light v-size--large primary']")
2023-12-22 15:43:46,193 : INFO : gettext : get text : ('xpath', "//h4[@class='text-left']"), value : Premium Complete
2023-12-22 15:43:47,806 : INFO : gettext : get text : ('xpath', "//div[@class='v-list-item__title white--text']/h4"), value : Complete User
2023-12-22 15:43:47,927 : INFO : gettext : get text : ('xpath', "//div[@class='v-list-item__title white--text']/h5"), value : complete.user@iccsafe.info
2023-12-22 15:44:04,922 : INFO : click : click : ('xpath', "//h4[@class='text-left']")
2023-12-22 15:44:05,419 : INFO : sendkeys : send keys : ('id', 'emailAddress'), value : complete.user@iccsafe.info
2023-12-22 15:44:05,750 : INFO : sendkeys : send keys : ('id', 'password'), value : Digital@123
2023-12-22 15:44:05,824 : INFO : click : click : ('xpath', "//button[@class='v-btn v-btn--block v-btn--contained theme--light v-size--large primary']")
2023-12-22 15:44:15,040 : INFO : gettext : get text : ('xpath', "//h4[@class='text-left']"), value : Premium Complete
2023-12-22 15:44:24,714 : INFO : click : click : ('xpath', "//span[contains(text(),'Menu')]")
2023-12-22 15:44:25,326 : INFO : click_by_visibility : click : <selenium.webdriver.remote.webelement.WebElement (session="6b80f8e0bc870ef1fd641cc6a2f4ebfd", element="855DC04C06CBBD45CA9CD7A2D229E468_element_3650")>
2023-12-22 15:44:25,757 : INFO : click_by_visibility : click : <selenium.webdriver.remote.webelement.WebElement (session="6b80f8e0bc870ef1fd641cc6a2f4ebfd", element="855DC04C06CBBD45CA9CD7A2D229E468_element_3780")>
2023-12-22 15:44:33,009 : INFO : click_by_visibility : click : <selenium.webdriver.remote.webelement.WebElement (session="6b80f8e0bc870ef1fd641cc6a2f4ebfd", element="855DC04C06CBBD45CA9CD7A2D229E468_element_3992")>
2023-12-22 15:44:33,128 : INFO : gettext : get text : ('xpath', "//h1[@class='primary--text display-1']"), value : 2024 I-Codes
2023-12-22 15:44:46,417 : INFO : click : click : ('xpath', "//span[contains(text(),'Menu')]")
2023-12-22 15:44:46,789 : INFO : click_by_visibility : click : <selenium.webdriver.remote.webelement.WebElement (session="6b80f8e0bc870ef1fd641cc6a2f4ebfd", element="C0B137E2D0018983BF210EFE74961F1F_element_6518")>
2023-12-22 15:44:47,195 : INFO : click_by_visibility : click : <selenium.webdriver.remote.webelement.WebElement (session="6b80f8e0bc870ef1fd641cc6a2f4ebfd", element="C0B137E2D0018983BF210EFE74961F1F_element_6628")>
2023-12-22 15:44:54,799 : INFO : click_by_visibility : click : <selenium.webdriver.remote.webelement.WebElement (session="6b80f8e0bc870ef1fd641cc6a2f4ebfd", element="C0B137E2D0018983BF210EFE74961F1F_element_6784")>
2023-12-22 15:44:54,849 : INFO : gettext : get text : ('xpath', "//h1[@class='primary--text display-1']"), value : 2021 I-Codes
2023-12-22 15:44:59,695 : INFO : click : click : ('xpath', "//span[contains(text(),'Menu')]")
2023-12-22 15:45:00,251 : INFO : click_by_visibility : click : <selenium.webdriver.remote.webelement.WebElement (session="6b80f8e0bc870ef1fd641cc6a2f4ebfd", element="5111E5638E501BBA60511346F062894F_element_8783")>
2023-12-22 15:45:00,806 : INFO : click_by_visibility : click : <selenium.webdriver.remote.webelement.WebElement (session="6b80f8e0bc870ef1fd641cc6a2f4ebfd", element="5111E5638E501BBA60511346F062894F_element_8921")>
2023-12-22 15:45:09,298 : INFO : click_by_visibility : click : <selenium.webdriver.remote.webelement.WebElement (session="6b80f8e0bc870ef1fd641cc6a2f4ebfd", element="5111E5638E501BBA60511346F062894F_element_9087")>
2023-12-22 15:45:09,354 : INFO : gettext : get text : ('xpath', "//h1[@class='primary--text display-1']"), value : 2009 I-Codes
2023-12-22 15:45:17,524 : INFO : click : click : ('xpath', "//span[contains(text(),'Menu')]")
2023-12-22 15:45:18,066 : INFO : click_by_visibility : click : <selenium.webdriver.remote.webelement.WebElement (session="6b80f8e0bc870ef1fd641cc6a2f4ebfd", element="2ADD80D9EFC40C07B9C12673DEA284C9_element_11506")>
2023-12-22 15:45:18,501 : INFO : click_by_visibility : click : <selenium.webdriver.remote.webelement.WebElement (session="6b80f8e0bc870ef1fd641cc6a2f4ebfd", element="2ADD80D9EFC40C07B9C12673DEA284C9_element_11643")>
2023-12-22 15:45:28,117 : INFO : click_by_visibility : click : <selenium.webdriver.remote.webelement.WebElement (session="6b80f8e0bc870ef1fd641cc6a2f4ebfd", element="2ADD80D9EFC40C07B9C12673DEA284C9_element_12089")>
2023-12-22 15:45:28,163 : INFO : gettext : get text : ('xpath', "//h1[@class='primary--text display-1']"), value : AISC Standards
2023-12-22 15:45:33,374 : INFO : click : click : ('xpath', "//span[contains(text(),'Menu')]")
2023-12-22 15:45:33,983 : INFO : click_by_visibility : click : <selenium.webdriver.remote.webelement.WebElement (session="6b80f8e0bc870ef1fd641cc6a2f4ebfd", element="6471DA5D70AAE6C4437C0C25D8D49711_element_14164")>
2023-12-22 15:45:34,461 : INFO : click_by_visibility : click : <selenium.webdriver.remote.webelement.WebElement (session="6b80f8e0bc870ef1fd641cc6a2f4ebfd", element="6471DA5D70AAE6C4437C0C25D8D49711_element_14301")>
2023-12-22 15:45:38,397 : INFO : click_by_visibility : click : <selenium.webdriver.remote.webelement.WebElement (session="6b80f8e0bc870ef1fd641cc6a2f4ebfd", element="6471DA5D70AAE6C4437C0C25D8D49711_element_14756")>
2023-12-22 15:45:38,463 : INFO : gettext : get text : ('xpath', "//h1[@class='primary--text display-1']"), value : ASTM Standards
2023-12-22 15:45:47,108 : INFO : click : click : ('xpath', "//span[contains(text(),'Menu')]")
2023-12-22 15:45:47,755 : INFO : click_by_visibility : click : <selenium.webdriver.remote.webelement.WebElement (session="6b80f8e0bc870ef1fd641cc6a2f4ebfd", element="E0C5A91AA26998552E418FE1D1524CDA_element_16548")>
2023-12-22 15:45:48,287 : INFO : click_by_visibility : click : <selenium.webdriver.remote.webelement.WebElement (session="6b80f8e0bc870ef1fd641cc6a2f4ebfd", element="E0C5A91AA26998552E418FE1D1524CDA_element_16690")>
2023-12-22 15:45:55,588 : INFO : click_by_visibility : click : <selenium.webdriver.remote.webelement.WebElement (session="6b80f8e0bc870ef1fd641cc6a2f4ebfd", element="E0C5A91AA26998552E418FE1D1524CDA_element_16797")>
2023-12-22 15:45:55,650 : INFO : gettext : get text : ('xpath', "//h1[@class='primary--text display-1']"), value : Florida Building Codes
2023-12-22 15:45:58,167 : INFO : click : click : ('xpath', "//span[contains(text(),'Menu')]")
2023-12-22 15:45:58,688 : INFO : click_by_visibility : click : <selenium.webdriver.remote.webelement.WebElement (session="6b80f8e0bc870ef1fd641cc6a2f4ebfd", element="66A669B51BA4BD2E188C767CD5BCE383_element_19185")>
2023-12-22 15:45:59,208 : INFO : click_by_visibility : click : <selenium.webdriver.remote.webelement.WebElement (session="6b80f8e0bc870ef1fd641cc6a2f4ebfd", element="66A669B51BA4BD2E188C767CD5BCE383_element_19332")>
2023-12-22 15:46:04,091 : INFO : click_by_visibility : click : <selenium.webdriver.remote.webelement.WebElement (session="6b80f8e0bc870ef1fd641cc6a2f4ebfd", element="66A669B51BA4BD2E188C767CD5BCE383_element_19450")>
2023-12-22 15:46:04,149 : INFO : gettext : get text : ('xpath', "//h1[@class='primary--text display-1']"), value : 2021 Commentaries
2023-12-22 15:46:21,157 : INFO : click : click : ('xpath', "//span[contains(text(),'Menu')]")
2023-12-22 15:46:21,749 : INFO : click_by_visibility : click : <selenium.webdriver.remote.webelement.WebElement (session="6b80f8e0bc870ef1fd641cc6a2f4ebfd", element="AEFF3AE34E9D15B24BD1B335F85E04F0_element_22491")>
2023-12-22 15:46:22,150 : INFO : click_by_visibility : click : <selenium.webdriver.remote.webelement.WebElement (session="6b80f8e0bc870ef1fd641cc6a2f4ebfd", element="AEFF3AE34E9D15B24BD1B335F85E04F0_element_22643")>
2023-12-22 15:46:36,584 : INFO : click_by_visibility : click : <selenium.webdriver.remote.webelement.WebElement (session="6b80f8e0bc870ef1fd641cc6a2f4ebfd", element="AEFF3AE34E9D15B24BD1B335F85E04F0_element_22804")>
2023-12-22 15:46:36,668 : INFO : gettext : get text : ('xpath', "//h1[@class='primary--text display-1']"), value : FlashCards
2023-12-22 15:46:52,329 : INFO : click : click : ('xpath', "//h4[@class='text-left']")
2023-12-22 15:46:52,752 : INFO : sendkeys : send keys : ('id', 'emailAddress'), value : complete.user@iccsafe.info
2023-12-22 15:46:52,933 : INFO : sendkeys : send keys : ('id', 'password'), value : Digital@123
2023-12-22 15:46:53,000 : INFO : click : click : ('xpath', "//button[@class='v-btn v-btn--block v-btn--contained theme--light v-size--large primary']")
2023-12-22 15:46:59,612 : INFO : gettext : get text : ('xpath', "//h4[@class='text-left']"), value : Premium Complete
2023-12-22 15:47:01,112 : INFO : gettext : get text : ('xpath', "//div[@class='v-list-item__title white--text']/h4"), value : Complete User
2023-12-22 15:47:01,258 : INFO : gettext : get text : ('xpath', "//div[@class='v-list-item__title white--text']/h5"), value : complete.user@iccsafe.info
2023-12-22 15:47:10,148 : INFO : click : click : ('xpath', "//span[contains(text(),'Menu')]")
2023-12-22 15:47:11,316 : INFO : click_by_visibility : click : <selenium.webdriver.remote.webelement.WebElement (session="6f1caf127e50bfeddb0bd2a29e34c949", element="C37FB28D06EC3FDF2FCDFABFE386648A_element_3862")>
2023-12-22 15:47:12,171 : INFO : click_by_visibility : click : <selenium.webdriver.remote.webelement.WebElement (session="6f1caf127e50bfeddb0bd2a29e34c949", element="C37FB28D06EC3FDF2FCDFABFE386648A_element_3974")>
2023-12-22 15:47:17,580 : INFO : click_by_visibility : click : <selenium.webdriver.remote.webelement.WebElement (session="6f1caf127e50bfeddb0bd2a29e34c949", element="C37FB28D06EC3FDF2FCDFABFE386648A_element_4191")>
2023-12-22 15:47:25,302 : INFO : click_by_visibility : click : <selenium.webdriver.remote.webelement.WebElement (session="6f1caf127e50bfeddb0bd2a29e34c949", element="566CB308241B716C96D0EE7262E3C1CC_element_5333")>
2023-12-22 15:47:28,094 : INFO : gettext_by_visibility : get text : <selenium.webdriver.remote.webelement.WebElement (session="6f1caf127e50bfeddb0bd2a29e34c949", element="60BE696770EBE2F828FB02A7F037E5B1_element_5595")>, value : 2024 International Building Code (IBC)
BASIC PLUS
2023-12-22 15:47:28,154 : INFO : gettext : get text : ('xpath', "//h1[@class='font-weight-regular']/span"), value : BASIC PLUS
2023-12-22 15:47:28,163 : ERROR : test_Title_Landing_Page[Browse Contents-I-Codes-2024 I-Codes-2024 International Building Code (IBC)-PREMIUM] : Expected: PREMIUM, Found: BASIC PLUS
2023-12-22 15:47:37,657 : INFO : click : click : ('xpath', "//span[contains(text(),'Menu')]")
2023-12-22 15:47:38,523 : INFO : click_by_visibility : click : <selenium.webdriver.remote.webelement.WebElement (session="6f1caf127e50bfeddb0bd2a29e34c949", element="D746F117C4CDA8D08DCCA2288343B338_element_7240")>
2023-12-22 15:47:39,228 : INFO : click_by_visibility : click : <selenium.webdriver.remote.webelement.WebElement (session="6f1caf127e50bfeddb0bd2a29e34c949", element="D746F117C4CDA8D08DCCA2288343B338_element_7352")>
2023-12-22 15:47:40,993 : INFO : click_by_visibility : click : <selenium.webdriver.remote.webelement.WebElement (session="6f1caf127e50bfeddb0bd2a29e34c949", element="D746F117C4CDA8D08DCCA2288343B338_element_7506")>
2023-12-22 15:47:47,119 : INFO : click_by_visibility : click : <selenium.webdriver.remote.webelement.WebElement (session="6f1caf127e50bfeddb0bd2a29e34c949", element="7BB1BD46E29845545C7277FF972E32D5_element_8647")>
2023-12-22 15:47:48,510 : INFO : gettext_by_visibility : get text : <selenium.webdriver.remote.webelement.WebElement (session="6f1caf127e50bfeddb0bd2a29e34c949", element="1B67AA4CCEAC211A9475ED4DCBA0BD6A_element_8930")>, value : 2021 International Residential Code (IRC)
BASIC PLUS
2023-12-22 15:47:48,605 : INFO : gettext : get text : ('xpath', "//h1[@class='font-weight-regular']/span"), value : BASIC PLUS
2023-12-22 15:47:48,624 : ERROR : test_Title_Landing_Page[Browse Contents-I-Codes-2021 I-Codes-2021 International Residential Code (IRC)-PREMIUM] : Expected: PREMIUM, Found: BASIC PLUS
2023-12-22 15:47:53,343 : INFO : click : click : ('xpath', "//span[contains(text(),'Menu')]")
2023-12-22 15:47:54,460 : INFO : click_by_visibility : click : <selenium.webdriver.remote.webelement.WebElement (session="6f1caf127e50bfeddb0bd2a29e34c949", element="7A028E3CCB53721181A5A3CDD3D65EBE_element_10918")>
2023-12-22 15:47:55,153 : INFO : click_by_visibility : click : <selenium.webdriver.remote.webelement.WebElement (session="6f1caf127e50bfeddb0bd2a29e34c949", element="7A028E3CCB53721181A5A3CDD3D65EBE_element_11030")>
2023-12-22 15:48:07,301 : INFO : click_by_visibility : click : <selenium.webdriver.remote.webelement.WebElement (session="6f1caf127e50bfeddb0bd2a29e34c949", element="7A028E3CCB53721181A5A3CDD3D65EBE_element_11243")>
2023-12-22 15:48:18,739 : INFO : click_by_visibility : click : <selenium.webdriver.remote.webelement.WebElement (session="6f1caf127e50bfeddb0bd2a29e34c949", element="6B1F56EFD0F0EDF6D2398B74FF9B08F9_element_12716")>
2023-12-22 15:48:21,168 : INFO : gettext_by_visibility : get text : <selenium.webdriver.remote.webelement.WebElement (session="6f1caf127e50bfeddb0bd2a29e34c949", element="7F561CEA7EEF203471FD31D0A1D8B590_element_13009")>, value : 2018 International Fire Code (IFC)
BASIC PLUS
2023-12-22 15:48:21,251 : INFO : gettext : get text : ('xpath', "//h1[@class='font-weight-regular']/span"), value : BASIC PLUS
2023-12-22 15:48:21,288 : ERROR : test_Title_Landing_Page[Browse Contents-I-Codes-2018 I-Codes-2018 International Fire Code (IFC)-PREMIUM] : Expected: PREMIUM, Found: BASIC PLUS
2023-12-22 15:48:23,873 : INFO : click : click : ('xpath', "//span[contains(text(),'Menu')]")
2023-12-22 15:48:25,067 : INFO : click_by_visibility : click : <selenium.webdriver.remote.webelement.WebElement (session="6f1caf127e50bfeddb0bd2a29e34c949", element="2E9AE3BBD9894C356F8E783309263145_element_15023")>
2023-12-22 15:48:25,877 : INFO : click_by_visibility : click : <selenium.webdriver.remote.webelement.WebElement (session="6f1caf127e50bfeddb0bd2a29e34c949", element="2E9AE3BBD9894C356F8E783309263145_element_15140")>
2023-12-22 15:48:33,198 : INFO : click_by_visibility : click : <selenium.webdriver.remote.webelement.WebElement (session="6f1caf127e50bfeddb0bd2a29e34c949", element="2E9AE3BBD9894C356F8E783309263145_element_15644")>
2023-12-22 15:48:40,819 : INFO : click_by_visibility : click : <selenium.webdriver.remote.webelement.WebElement (session="6f1caf127e50bfeddb0bd2a29e34c949", element="CBB87C1F04348F4DD66A1CCE3F5802CD_element_16902")>
2023-12-22 15:48:49,408 : INFO : gettext_by_visibility : get text : <selenium.webdriver.remote.webelement.WebElement (session="6f1caf127e50bfeddb0bd2a29e34c949", element="A728AE084C3E135E150774DDA92F1FC0_element_17213")>, value : 2016 ANSI/AISC 360 Specification for Structural Steel Buildings
PREMIUM
2023-12-22 15:48:49,509 : INFO : gettext : get text : ('xpath', "//h1[@class='font-weight-regular']/span"), value : PREMIUM
2023-12-22 15:48:49,577 : INFO : gettext : get text : ('xpath', "//p[@class='mb-0 primary--text']"), value : You have an active premium subscription to access this title
2023-12-22 15:48:52,021 : INFO : click : click : ('xpath', "//span[contains(text(),'Menu')]")
2023-12-22 15:48:53,132 : INFO : click_by_visibility : click : <selenium.webdriver.remote.webelement.WebElement (session="6f1caf127e50bfeddb0bd2a29e34c949", element="610EC18FBDE8079F4C3852EE6A03DED8_element_18936")>
2023-12-22 15:48:54,009 : INFO : click_by_visibility : click : <selenium.webdriver.remote.webelement.WebElement (session="6f1caf127e50bfeddb0bd2a29e34c949", element="610EC18FBDE8079F4C3852EE6A03DED8_element_19116")>
2023-12-22 15:48:57,724 : INFO : click_by_visibility : click : <selenium.webdriver.remote.webelement.WebElement (session="6f1caf127e50bfeddb0bd2a29e34c949", element="610EC18FBDE8079F4C3852EE6A03DED8_element_19605")>
2023-12-22 15:49:00,775 : INFO : click_by_visibility : click : <selenium.webdriver.remote.webelement.WebElement (session="6f1caf127e50bfeddb0bd2a29e34c949", element="318597F529D10FB19C292C21C6B217B3_element_20645")>
2023-12-22 15:49:02,201 : INFO : gettext_by_visibility : get text : <selenium.webdriver.remote.webelement.WebElement (session="6f1caf127e50bfeddb0bd2a29e34c949", element="B3411C1F375DEC58BFDADC5D98AF58D1_element_20928")>, value : 2023 Florida Building Code, Residential, Eighth Edition
PREMIUM
2023-12-22 15:49:02,329 : INFO : gettext : get text : ('xpath', "//h1[@class='font-weight-regular']/span"), value : PREMIUM
2023-12-22 15:49:02,420 : INFO : gettext : get text : ('xpath', "//p[@class='mb-0 primary--text']"), value : You have an active premium subscription to access this title
2023-12-22 15:49:05,222 : INFO : click : click : ('xpath', "//span[contains(text(),'Menu')]")
2023-12-22 15:49:06,330 : INFO : click_by_visibility : click : <selenium.webdriver.remote.webelement.WebElement (session="6f1caf127e50bfeddb0bd2a29e34c949", element="3166A576EE484E8818C98240A68385F8_element_22690")>
2023-12-22 15:49:06,783 : INFO : click_by_visibility : click : <selenium.webdriver.remote.webelement.WebElement (session="6f1caf127e50bfeddb0bd2a29e34c949", element="3166A576EE484E8818C98240A68385F8_element_22875")>
2023-12-22 15:49:08,920 : INFO : click_by_visibility : click : <selenium.webdriver.remote.webelement.WebElement (session="6f1caf127e50bfeddb0bd2a29e34c949", element="3166A576EE484E8818C98240A68385F8_element_22993")>
2023-12-22 15:49:12,851 : INFO : click_by_visibility : click : <selenium.webdriver.remote.webelement.WebElement (session="6f1caf127e50bfeddb0bd2a29e34c949", element="87F96C891D3E3CF7069621CF20B2B694_element_23957")>
2023-12-22 15:49:13,787 : INFO : gettext_by_visibility : get text : <selenium.webdriver.remote.webelement.WebElement (session="6f1caf127e50bfeddb0bd2a29e34c949", element="1B2E7882007D28AC29473E1CB5F71C53_element_24320")>, value : 2021 IBC Code and Commentary Volume 1 (IBC)
PREMIUM
2023-12-22 15:49:13,847 : INFO : gettext : get text : ('xpath', "//h1[@class='font-weight-regular']/span"), value : PREMIUM
2023-12-22 15:49:13,890 : INFO : gettext : get text : ('xpath', "//p[@class='mb-0 primary--text']"), value : You have an active premium subscription to access this title
2023-12-22 15:49:16,839 : INFO : click : click : ('xpath', "//span[contains(text(),'Menu')]")
2023-12-22 15:49:17,937 : INFO : click_by_visibility : click : <selenium.webdriver.remote.webelement.WebElement (session="6f1caf127e50bfeddb0bd2a29e34c949", element="CDC2CBBC3FAC77FE33554C2B4C50D911_element_25631")>
2023-12-22 15:49:18,488 : INFO : click_by_visibility : click : <selenium.webdriver.remote.webelement.WebElement (session="6f1caf127e50bfeddb0bd2a29e34c949", element="CDC2CBBC3FAC77FE33554C2B4C50D911_element_25821")>
2023-12-22 15:49:21,556 : INFO : click_by_visibility : click : <selenium.webdriver.remote.webelement.WebElement (session="6f1caf127e50bfeddb0bd2a29e34c949", element="CDC2CBBC3FAC77FE33554C2B4C50D911_element_25982")>
2023-12-22 15:49:25,039 : INFO : click_by_visibility : click : <selenium.webdriver.remote.webelement.WebElement (session="6f1caf127e50bfeddb0bd2a29e34c949", element="B5760AA8AE3279AD9B3B9D76B733CBBB_element_26956")>
2023-12-22 15:49:26,786 : INFO : gettext_by_visibility : get text : <selenium.webdriver.remote.webelement.WebElement (session="6f1caf127e50bfeddb0bd2a29e34c949", element="756DA160AFD9E0799ADA7B2398DBB669_element_27255")>, value : 2021 IBC FlashCards
PREMIUM
2023-12-22 15:49:26,939 : INFO : gettext : get text : ('xpath', "//h1[@class='font-weight-regular']/span"), value : PREMIUM
2023-12-22 15:49:27,107 : INFO : gettext : get text : ('xpath', "//p[@class='mb-0 primary--text']"), value : You have an active premium subscription to access this title
2023-12-22 15:49:30,229 : INFO : click : click : ('xpath', "//span[contains(text(),'Menu')]")
2023-12-22 15:49:31,354 : INFO : click_by_visibility : click : <selenium.webdriver.remote.webelement.WebElement (session="6f1caf127e50bfeddb0bd2a29e34c949", element="E4681BE5166247B8141AD839F3650876_element_28783")>
2023-12-22 15:49:31,942 : INFO : click_by_visibility : click : <selenium.webdriver.remote.webelement.WebElement (session="6f1caf127e50bfeddb0bd2a29e34c949", element="E4681BE5166247B8141AD839F3650876_element_28978")>
2023-12-22 15:49:34,880 : INFO : click_by_visibility : click : <selenium.webdriver.remote.webelement.WebElement (session="6f1caf127e50bfeddb0bd2a29e34c949", element="E4681BE5166247B8141AD839F3650876_element_29125")>
2023-12-22 15:49:38,759 : INFO : click_by_visibility : click : <selenium.webdriver.remote.webelement.WebElement (session="6f1caf127e50bfeddb0bd2a29e34c949", element="99D149AB1F23D7BB9EFBE837BB1D5D33_element_30199")>
2023-12-22 15:49:40,208 : INFO : gettext_by_visibility : get text : <selenium.webdriver.remote.webelement.WebElement (session="6f1caf127e50bfeddb0bd2a29e34c949", element="6F47DE9FC0957B94B77DE661E942B0AD_element_30488")>, value : 2022 Chicago Energy Transformation Code
PREMIUM
2023-12-22 15:49:40,276 : INFO : gettext : get text : ('xpath', "//h1[@class='font-weight-regular']/span"), value : PREMIUM
2023-12-22 15:49:40,326 : INFO : gettext : get text : ('xpath', "//p[@class='mb-0 primary--text']"), value : You have an active premium subscription to access this title
2023-12-22 15:49:43,151 : INFO : click : click : ('xpath', "//span[contains(text(),'Menu')]")
2023-12-22 15:49:44,301 : INFO : click_by_visibility : click : <selenium.webdriver.remote.webelement.WebElement (session="6f1caf127e50bfeddb0bd2a29e34c949", element="A0F3A72D97AF7771491D337774B38916_element_31853")>
2023-12-22 15:49:44,839 : INFO : click_by_visibility : click : <selenium.webdriver.remote.webelement.WebElement (session="6f1caf127e50bfeddb0bd2a29e34c949", element="A0F3A72D97AF7771491D337774B38916_element_32053")>
2023-12-22 15:49:47,591 : INFO : click_by_visibility : click : <selenium.webdriver.remote.webelement.WebElement (session="6f1caf127e50bfeddb0bd2a29e34c949", element="A0F3A72D97AF7771491D337774B38916_element_32168")>
2023-12-22 15:49:50,274 : INFO : click_by_visibility : click : <selenium.webdriver.remote.webelement.WebElement (session="6f1caf127e50bfeddb0bd2a29e34c949", element="2EBA964AAE452C18DBD56F5FCFFEB008_element_33121")>
2023-12-22 15:49:51,191 : INFO : gettext_by_visibility : get text : <selenium.webdriver.remote.webelement.WebElement (session="6f1caf127e50bfeddb0bd2a29e34c949", element="E413A56B735C137EB2969624B9AED0E9_element_33331")>, value : 1997 Uniform Code for the Abatement of Dangerous Buildings
PREMIUM
2023-12-22 15:49:51,307 : INFO : gettext : get text : ('xpath', "//h1[@class='font-weight-regular']/span"), value : PREMIUM
2023-12-22 15:49:51,356 : INFO : gettext : get text : ('xpath', "//p[@class='mb-0 primary--text']"), value : You have an active premium subscription to access this title
2023-12-22 15:49:54,020 : INFO : click : click : ('xpath', "//span[contains(text(),'Menu')]")
2023-12-22 15:49:55,261 : INFO : click_by_visibility : click : <selenium.webdriver.remote.webelement.WebElement (session="6f1caf127e50bfeddb0bd2a29e34c949", element="A84F46E0126C5183477864C45717E67E_element_34617")>
2023-12-22 15:49:55,639 : INFO : click_by_visibility : click : <selenium.webdriver.remote.webelement.WebElement (session="6f1caf127e50bfeddb0bd2a29e34c949", element="A84F46E0126C5183477864C45717E67E_element_34787")>
2023-12-22 15:49:57,746 : INFO : click_by_visibility : click : <selenium.webdriver.remote.webelement.WebElement (session="6f1caf127e50bfeddb0bd2a29e34c949", element="A84F46E0126C5183477864C45717E67E_element_34941")>
2023-12-22 15:50:00,723 : INFO : click_by_visibility : click : <selenium.webdriver.remote.webelement.WebElement (session="6f1caf127e50bfeddb0bd2a29e34c949", element="A5421EC6580934725AD6FB0A877D365B_element_35895")>
2023-12-22 15:50:07,411 : INFO : gettext : get text : ('xpath', "//div[@class='v-select__selections']/p"), value : Second Version: Sep 2021
2023-12-22 15:50:07,580 : INFO : click : click : ('xpath', "//div[@class='v-select__selections']/p")
2023-12-22 15:50:07,686 : INFO : gettext : get text : ('xpath', "//div[@aria-selected='true']//div[@class='col']"), value : Second Version: Sep 2021
2023-12-22 15:50:07,751 : INFO : gettext : get text : ('xpath', "(//div[@aria-selected='false']//div[@class='col'])[1]"), value : First Version: Oct 2020
2023-12-22 15:50:09,614 : INFO : click : click : ('xpath', "(//div[@aria-selected='false']//div[@class='col'])[1]")
2023-12-22 15:50:13,466 : INFO : gettext : get text : ('xpath', "//div[@class='v-select__selections']/p"), value : First Version: Oct 2020
2023-12-22 15:50:17,281 : INFO : click : click : ('xpath', "//span[contains(text(),'Menu')]")
2023-12-22 15:50:18,644 : INFO : click_by_visibility : click : <selenium.webdriver.remote.webelement.WebElement (session="6f1caf127e50bfeddb0bd2a29e34c949", element="2EC51C9CFFC4DB1883EEE63C439AB9DD_element_39109")>
2023-12-22 15:50:19,227 : INFO : click_by_visibility : click : <selenium.webdriver.remote.webelement.WebElement (session="6f1caf127e50bfeddb0bd2a29e34c949", element="2EC51C9CFFC4DB1883EEE63C439AB9DD_element_39279")>
2023-12-22 15:50:21,892 : INFO : click_by_visibility : click : <selenium.webdriver.remote.webelement.WebElement (session="6f1caf127e50bfeddb0bd2a29e34c949", element="2EC51C9CFFC4DB1883EEE63C439AB9DD_element_39433")>
2023-12-22 15:50:26,079 : INFO : click_by_visibility : click : <selenium.webdriver.remote.webelement.WebElement (session="6f1caf127e50bfeddb0bd2a29e34c949", element="880BEBCA2B49E20D4E06087277B6DC40_element_40397")>
2023-12-22 15:50:33,850 : INFO : click_by_visibility : click : <selenium.webdriver.remote.webelement.WebElement (session="6f1caf127e50bfeddb0bd2a29e34c949", element="5F6DF8CC9B5C1E5A5471578876755C93_element_41444")>
2023-12-22 15:50:40,106 : INFO : gettext : get text : ('xpath', "//h1[@class='chapter']"), value : CHAPTER 2 DEFINITIONS
2023-12-22 15:50:40,117 : ERROR : test_NavigateTo_Chapter_Section_Subsection_from_TOC : Expected: CHAPTER2DEFINITIONS, Found: CHAPTER 2 DEFINITIONS
2023-12-22 15:50:42,728 : INFO : click : click : ('xpath', "//span[contains(text(),'Menu')]")
2023-12-22 15:50:43,819 : INFO : click_by_visibility : click : <selenium.webdriver.remote.webelement.WebElement (session="6f1caf127e50bfeddb0bd2a29e34c949", element="925170E4146F261BF59F328A6EA53856_element_64272")>
2023-12-22 15:50:44,103 : INFO : click_by_visibility : click : <selenium.webdriver.remote.webelement.WebElement (session="6f1caf127e50bfeddb0bd2a29e34c949", element="925170E4146F261BF59F328A6EA53856_element_64442")>
2023-12-22 15:50:48,669 : INFO : click_by_visibility : click : <selenium.webdriver.remote.webelement.WebElement (session="6f1caf127e50bfeddb0bd2a29e34c949", element="925170E4146F261BF59F328A6EA53856_element_64596")>
2023-12-22 15:50:50,556 : INFO : click_by_visibility : click : <selenium.webdriver.remote.webelement.WebElement (session="6f1caf127e50bfeddb0bd2a29e34c949", element="515F2F0285023DD102D05244DC8072F3_element_65477")>
2023-12-22 15:50:57,385 : INFO : click_by_visibility : click : <selenium.webdriver.remote.webelement.WebElement (session="6f1caf127e50bfeddb0bd2a29e34c949", element="A8B4CA811841704C3F6C5FB189AE22C7_element_66563")>
2023-12-22 15:51:04,211 : INFO : click : click : ('xpath', "//div[@style='display: block;']/i[text()=' border_color']")
2023-12-22 15:51:04,677 : INFO : sendkeys : send keys : ('xpath', "//div[@class='ql-editor ql-blank']"), value : Notes From Chapter Level
2023-12-22 15:51:04,855 : INFO : click : click : ('xpath', "//span[text()='New Tag']")
2023-12-22 15:51:05,160 : INFO : sendkeys : send keys : ('xpath', "//input[@placeholder='Tag Name']"), value : Premium
2023-12-22 15:51:05,280 : INFO : click : click : ('xpath', "//div[@style='z-index: 204;']//span[text()='Save']")
2023-12-22 15:51:07,098 : INFO : gettext : get text : ('xpath', "//div[@class='v-select__selections']/span"), value : Premium
2023-12-22 15:51:07,240 : INFO : click : click : ('xpath', "//span[text()='Save']")
2023-12-22 15:51:08,391 : INFO : gettext : get text : ('xpath', "//div[@class='caption cl description']/p"), value : Notes From Chapter Level
2023-12-22 15:51:08,489 : INFO : gettext : get text : ('xpath', "(//h5[@class='font-weight-regular left'])[1]"), value : Project Tag: Premium
2023-12-22 15:51:08,539 : INFO : gettext : get text : ('xpath', "(//h5[@class='font-weight-regular left'])[2]"), value : Created By: Complete User (complete.user@iccsafe.info)
2023-12-22 15:51:08,715 : INFO : click : click : ('xpath', "//div[contains(text(),'Notes')]")
2023-12-22 15:51:09,253 : INFO : gettext : get text : ('xpath', "//p[@class='mb-0']/a"), value : CHAPTER 2 DEFINITIONS
2023-12-22 15:51:09,384 : INFO : click : click : ('xpath', "//div[@class='container']//div[@class='v-input__icon v-input__icon--append']")
2023-12-22 15:51:11,877 : INFO : click : click : ('xpath', "//span[contains(text(),'Manage Notes')]")
2023-12-22 15:51:13,374 : INFO : gettext : get text : ('xpath', "//div[@class='title-card-hover']//a[@class='accent--text']"), value : 2021 International Building Code (IBC)
2023-12-22 15:51:13,693 : INFO : click : click : ('xpath', "//div[@class='title-card-hover']//a[@class='accent--text']")
2023-12-22 15:51:14,087 : INFO : gettext : get text : ('xpath', "//div[@class='v-card__title']/a"), value : CHAPTER 2 DEFINITIONS
2023-12-22 15:51:14,146 : INFO : gettext : get text : ('xpath', "//p[@class='mt-2 ml-1']"), value : Notes From Chapter Level
2023-12-22 15:51:14,217 : INFO : gettext : get text : ('xpath', "//div[@class='d-flex']//h5[1]"), value : Created By: Complete User
2023-12-22 15:51:14,282 : INFO : gettext : get text : ('xpath', "//div[@class='d-flex']//h5[2]"), value : Project Tag: Premium
2023-12-22 15:51:14,534 : INFO : click : click : ('xpath', "//span[contains(text(),'Remove')]")
2023-12-22 15:51:14,645 : INFO : click : click : ('xpath', "//span[text()='Remove']")
2023-12-22 15:51:16,984 : INFO : click : click : ('xpath', "//span[contains(text(),'Menu')]")
2023-12-22 15:51:17,974 : INFO : click_by_visibility : click : <selenium.webdriver.remote.webelement.WebElement (session="6f1caf127e50bfeddb0bd2a29e34c949", element="9307D6B12A4E8E0F37A220A6803F02D1_element_92045")>
2023-12-22 15:51:18,382 : INFO : click_by_visibility : click : <selenium.webdriver.remote.webelement.WebElement (session="6f1caf127e50bfeddb0bd2a29e34c949", element="9307D6B12A4E8E0F37A220A6803F02D1_element_92215")>
2023-12-22 15:51:20,433 : INFO : click_by_visibility : click : <selenium.webdriver.remote.webelement.WebElement (session="6f1caf127e50bfeddb0bd2a29e34c949", element="9307D6B12A4E8E0F37A220A6803F02D1_element_92369")>
2023-12-22 15:51:23,706 : INFO : click_by_visibility : click : <selenium.webdriver.remote.webelement.WebElement (session="6f1caf127e50bfeddb0bd2a29e34c949", element="83F0D697BF241E2E4152344429899FE9_element_93383")>
2023-12-22 15:51:31,038 : INFO : click_by_visibility : click : <selenium.webdriver.remote.webelement.WebElement (session="6f1caf127e50bfeddb0bd2a29e34c949", element="5035250301568EF9F9973C684E3A5EB6_element_94516")>
2023-12-22 15:51:38,303 : INFO : click : click : ('xpath', "//section[@class='chapter']/div/i")
2023-12-22 15:51:38,502 : INFO : click : click : ('xpath', "//div[@style='display: block;']/i[text()='bookmark_border']")
2023-12-22 15:51:38,990 : INFO : sendkeys : send keys : ('xpath', "//div[@class='ql-editor ql-blank']"), value : Bookmark From Chapter Level
2023-12-22 15:51:40,270 : INFO : click : click : ('xpath', "//div[@class='v-select__selections']/span")
2023-12-22 15:51:40,709 : INFO : gettext : get text : ('xpath', "//div[@class='v-select__selections']/span"), value : Premium
2023-12-22 15:51:40,871 : INFO : click : click : ('xpath', "//span[text()='Save']")
2023-12-22 15:51:41,965 : INFO : gettext : get text : ('xpath', "//div[@class='caption cl description']/p"), value : Bookmark From Chapter Level
2023-12-22 15:51:42,017 : INFO : gettext : get text : ('xpath', "(//h5[@class='font-weight-regular left'])[1]"), value : Project Tag: Premium
2023-12-22 15:51:42,085 : INFO : gettext : get text : ('xpath', "(//h5[@class='font-weight-regular left'])[2]"), value : Created By: Complete User (complete.user@iccsafe.info)
2023-12-22 15:51:42,239 : INFO : click : click : ('xpath', "//div[contains(text(),'Notes')]")
2023-12-22 15:51:42,823 : INFO : gettext : get text : ('xpath', "//p[@class='mb-0']/a"), value : CHAPTER 2 DEFINITIONS
2023-12-22 15:51:42,952 : INFO : click : click : ('xpath', "//div[@class='container']//div[@class='v-input__icon v-input__icon--append']")
2023-12-22 15:51:45,036 : INFO : click : click : ('xpath', "//span[contains(text(),'Manage Notes')]")
2023-12-22 15:51:46,913 : INFO : gettext : get text : ('xpath', "//div[@class='title-card-hover']//a[@class='accent--text']"), value : 2021 International Building Code (IBC)
2023-12-22 15:51:47,251 : INFO : click : click : ('xpath', "//div[@class='title-card-hover']//a[@class='accent--text']")
2023-12-22 15:51:47,643 : INFO : gettext : get text : ('xpath', "//div[@class='v-card__title']/a"), value : CHAPTER 2 DEFINITIONS
2023-12-22 15:51:47,693 : INFO : gettext : get text : ('xpath', "//p[@class='mt-2 ml-1']"), value : Bookmark From Chapter Level
2023-12-22 15:51:47,744 : INFO : gettext : get text : ('xpath', "//div[@class='d-flex']//h5[1]"), value : Created By: Complete User
2023-12-22 15:51:47,792 : INFO : gettext : get text : ('xpath', "//div[@class='d-flex']//h5[2]"), value : Project Tag: Premium
2023-12-22 15:51:47,963 : INFO : click : click : ('xpath', "//span[contains(text(),'Remove')]")
2023-12-22 15:51:48,036 : INFO : click : click : ('xpath', "//span[text()='Remove']")
2023-12-22 15:51:50,515 : INFO : click : click : ('xpath', "//span[contains(text(),'Menu')]")
2023-12-22 15:51:51,550 : INFO : click_by_visibility : click : <selenium.webdriver.remote.webelement.WebElement (session="6f1caf127e50bfeddb0bd2a29e34c949", element="95D969D468D4CDF8CC83B670650DD1CA_element_119916")>
2023-12-22 15:51:52,010 : INFO : click_by_visibility : click : <selenium.webdriver.remote.webelement.WebElement (session="6f1caf127e50bfeddb0bd2a29e34c949", element="95D969D468D4CDF8CC83B670650DD1CA_element_120086")>
2023-12-22 15:51:54,100 : INFO : click_by_visibility : click : <selenium.webdriver.remote.webelement.WebElement (session="6f1caf127e50bfeddb0bd2a29e34c949", element="95D969D468D4CDF8CC83B670650DD1CA_element_120240")>
2023-12-22 15:51:56,849 : INFO : click_by_visibility : click : <selenium.webdriver.remote.webelement.WebElement (session="6f1caf127e50bfeddb0bd2a29e34c949", element="E48012F4C3181E3EB6F4C8A92B60F1B7_element_121188")>
2023-12-22 15:52:04,620 : INFO : click_by_visibility : click : <selenium.webdriver.remote.webelement.WebElement (session="6f1caf127e50bfeddb0bd2a29e34c949", element="DCAB9DA417D139ADC4CCD7DE68B1465D_element_122312")>
2023-12-22 15:52:11,221 : INFO : click : click : ('xpath', "//section[@class='chapter']/div/i")
2023-12-22 15:52:11,416 : INFO : click : click : ('xpath', "//div[@style='display: block;']/i[text()='link']")
2023-12-22 15:52:12,529 : INFO : click : click : ('xpath', "//span[contains(text(),'Copy URL')]")
2023-12-22 15:52:12,566 : INFO : gettext : get text : ('xpath', "//div[@class='v-alert__content']"), value : Link copied to clipboard.
2023-12-22 15:52:12,793 : INFO : click : click : ('xpath', "//button[@data-qa='share-section-modal-close']")
2023-12-22 15:52:12,949 : INFO : click : click : ('xpath', "//div[@style='display: block;']/i[text()='link']")
2023-12-22 15:52:13,361 : INFO : sendkeys : send keys : ('xpath', "//input[@data-qa='share-section-modal-email-0']"), value : test.user@iccsafe.info
2023-12-22 15:52:13,535 : INFO : click : click : ('xpath', "//button[@data-qa='share-section-modal-add-more']")
2023-12-22 15:52:13,708 : INFO : click : click : ('xpath', "//button[@data-qa='share-section-modal-remove-1']")
2023-12-22 15:52:13,832 : INFO : click : click : ('xpath', "//button[@data-qa='share-section-modal-share']")
2023-12-22 15:52:14,347 : INFO : gettext : get text : ('xpath', "//div[@class='v-alert__content']"), value : Section link shared successfully!
